<?xml version="1.0" encoding="UTF-8"?>
<coverage generated="1519480488578" clover="3.2.0">
  <project timestamp="1519480488578" name="All files">
    <metrics statements="113" coveredstatements="60" conditionals="42" coveredconditionals="10" methods="87" coveredmethods="14" elements="242" coveredelements="84" complexity="0" loc="113" ncloc="113" packages="22" files="30" classes="30">
      <package name="flatmate-bills">
        <metrics statements="2" coveredstatements="2" conditionals="0" coveredconditionals="0" methods="0" coveredmethods="0"/>
        <file name="setupTests.js" path="/Users/tomchristian/www/sandbox/js/flatmate-bills/setupTests.js">
          <metrics statements="2" coveredstatements="2" conditionals="0" coveredconditionals="0" methods="0" coveredmethods="0"/>
          <line num="4" count="14" type="stmt"/>
          <line num="6" count="14" type="stmt"/>
        </file>
      </package>
      <package name="flatmate-bills.src.app">
        <metrics statements="8" coveredstatements="8" conditionals="4" coveredconditionals="4" methods="8" coveredmethods="2"/>
        <file name="App.jsx" path="/Users/tomchristian/www/sandbox/js/flatmate-bills/src/app/App.jsx">
          <metrics statements="8" coveredstatements="8" conditionals="4" coveredconditionals="4" methods="8" coveredmethods="2"/>
          <line num="21" count="1" type="stmt"/>
          <line num="22" count="1" type="stmt"/>
          <line num="23" count="1" type="stmt"/>
          <line num="29" count="1" type="stmt"/>
          <line num="30" count="1" type="stmt"/>
          <line num="34" count="2" type="stmt"/>
          <line num="61" count="1" type="stmt"/>
          <line num="67" count="1" type="stmt"/>
        </file>
      </package>
      <package name="flatmate-bills.src.app.BillFormNew.actions">
        <metrics statements="1" coveredstatements="1" conditionals="0" coveredconditionals="0" methods="0" coveredmethods="0"/>
        <file name="actions.js" path="/Users/tomchristian/www/sandbox/js/flatmate-bills/src/app/BillFormNew/actions/actions.js">
          <metrics statements="1" coveredstatements="1" conditionals="0" coveredconditionals="0" methods="0" coveredmethods="0"/>
          <line num="3" count="1" type="stmt"/>
        </file>
      </package>
      <package name="flatmate-bills.src.app.BillFormNew.containers">
        <metrics statements="18" coveredstatements="2" conditionals="18" coveredconditionals="0" methods="25" coveredmethods="0"/>
        <file name="BillFormNew.jsx" path="/Users/tomchristian/www/sandbox/js/flatmate-bills/src/app/BillFormNew/containers/BillFormNew.jsx">
          <metrics statements="18" coveredstatements="2" conditionals="18" coveredconditionals="0" methods="25" coveredmethods="0"/>
          <line num="17" count="0" type="stmt"/>
          <line num="19" count="0" type="stmt"/>
          <line num="25" count="0" type="stmt"/>
          <line num="29" count="0" type="stmt"/>
          <line num="30" count="0" type="stmt"/>
          <line num="34" count="0" type="stmt"/>
          <line num="35" count="0" type="stmt"/>
          <line num="37" count="0" type="stmt"/>
          <line num="47" count="0" type="cond" truecount="0" falsecount="2"/>
          <line num="48" count="0" type="cond" truecount="0" falsecount="2"/>
          <line num="49" count="0" type="stmt"/>
          <line num="53" count="0" type="stmt"/>
          <line num="66" count="0" type="stmt"/>
          <line num="68" count="0" type="stmt"/>
          <line num="94" count="0" type="cond" truecount="0" falsecount="2"/>
          <line num="95" count="0" type="cond" truecount="0" falsecount="2"/>
          <line num="196" count="1" type="stmt"/>
          <line num="204" count="1" type="stmt"/>
        </file>
        <file name="index.js" path="/Users/tomchristian/www/sandbox/js/flatmate-bills/src/app/BillFormNew/containers/index.js">
          <metrics statements="0" coveredstatements="0" conditionals="0" coveredconditionals="0" methods="0" coveredmethods="0"/>
        </file>
      </package>
      <package name="flatmate-bills.src.app.BillFormNew.services">
        <metrics statements="7" coveredstatements="0" conditionals="0" coveredconditionals="0" methods="4" coveredmethods="0"/>
        <file name="createBill.js" path="/Users/tomchristian/www/sandbox/js/flatmate-bills/src/app/BillFormNew/services/createBill.js">
          <metrics statements="7" coveredstatements="0" conditionals="0" coveredconditionals="0" methods="4" coveredmethods="0"/>
          <line num="7" count="0" type="stmt"/>
          <line num="8" count="0" type="stmt"/>
          <line num="10" count="0" type="stmt"/>
          <line num="12" count="0" type="stmt"/>
          <line num="13" count="0" type="stmt"/>
          <line num="14" count="0" type="stmt"/>
          <line num="15" count="0" type="stmt"/>
        </file>
        <file name="index.js" path="/Users/tomchristian/www/sandbox/js/flatmate-bills/src/app/BillFormNew/services/index.js">
          <metrics statements="0" coveredstatements="0" conditionals="0" coveredconditionals="0" methods="0" coveredmethods="0"/>
        </file>
      </package>
      <package name="flatmate-bills.src.app.Common">
        <metrics statements="0" coveredstatements="0" conditionals="0" coveredconditionals="0" methods="0" coveredmethods="0"/>
        <file name="index.js" path="/Users/tomchristian/www/sandbox/js/flatmate-bills/src/app/Common/index.js">
          <metrics statements="0" coveredstatements="0" conditionals="0" coveredconditionals="0" methods="0" coveredmethods="0"/>
        </file>
      </package>
      <package name="flatmate-bills.src.app.Common.AppTitle">
        <metrics statements="3" coveredstatements="3" conditionals="2" coveredconditionals="2" methods="1" coveredmethods="1"/>
        <file name="AppTitle.jsx" path="/Users/tomchristian/www/sandbox/js/flatmate-bills/src/app/Common/AppTitle/AppTitle.jsx">
          <metrics statements="3" coveredstatements="3" conditionals="2" coveredconditionals="2" methods="1" coveredmethods="1"/>
          <line num="3" count="9" type="stmt"/>
          <line num="4" count="2" type="cond" truecount="2" falsecount="0"/>
          <line num="7" count="9" type="stmt"/>
        </file>
      </package>
      <package name="flatmate-bills.src.app.Common.BillDate">
        <metrics statements="3" coveredstatements="3" conditionals="0" coveredconditionals="0" methods="1" coveredmethods="1"/>
        <file name="BillDate.jsx" path="/Users/tomchristian/www/sandbox/js/flatmate-bills/src/app/Common/BillDate/BillDate.jsx">
          <metrics statements="3" coveredstatements="3" conditionals="0" coveredconditionals="0" methods="1" coveredmethods="1"/>
          <line num="3" count="8" type="stmt"/>
          <line num="4" count="1" type="stmt"/>
          <line num="17" count="8" type="stmt"/>
        </file>
      </package>
      <package name="flatmate-bills.src.app.Common.BillPrice">
        <metrics statements="3" coveredstatements="3" conditionals="0" coveredconditionals="0" methods="1" coveredmethods="1"/>
        <file name="BillPrice.jsx" path="/Users/tomchristian/www/sandbox/js/flatmate-bills/src/app/Common/BillPrice/BillPrice.jsx">
          <metrics statements="3" coveredstatements="3" conditionals="0" coveredconditionals="0" methods="1" coveredmethods="1"/>
          <line num="4" count="8" type="stmt"/>
          <line num="5" count="1" type="stmt"/>
          <line num="12" count="8" type="stmt"/>
        </file>
      </package>
      <package name="flatmate-bills.src.app.Common.BillSegment">
        <metrics statements="2" coveredstatements="2" conditionals="2" coveredconditionals="2" methods="1" coveredmethods="1"/>
        <file name="BillSegment.jsx" path="/Users/tomchristian/www/sandbox/js/flatmate-bills/src/app/Common/BillSegment/BillSegment.jsx">
          <metrics statements="2" coveredstatements="2" conditionals="2" coveredconditionals="2" methods="1" coveredmethods="1"/>
          <line num="5" count="8" type="stmt"/>
          <line num="7" count="2" type="stmt"/>
        </file>
      </package>
      <package name="flatmate-bills.src.app.Common.BillSegmentPrice">
        <metrics statements="1" coveredstatements="1" conditionals="2" coveredconditionals="2" methods="1" coveredmethods="0"/>
        <file name="BillSegmentPrice.jsx" path="/Users/tomchristian/www/sandbox/js/flatmate-bills/src/app/Common/BillSegmentPrice/BillSegmentPrice.jsx">
          <metrics statements="1" coveredstatements="1" conditionals="2" coveredconditionals="2" methods="1" coveredmethods="0"/>
          <line num="5" count="8" type="stmt"/>
        </file>
      </package>
      <package name="flatmate-bills.src.app.Common.BillTitle">
        <metrics statements="2" coveredstatements="2" conditionals="0" coveredconditionals="0" methods="1" coveredmethods="1"/>
        <file name="BillTitle.jsx" path="/Users/tomchristian/www/sandbox/js/flatmate-bills/src/app/Common/BillTitle/BillTitle.jsx">
          <metrics statements="2" coveredstatements="2" conditionals="0" coveredconditionals="0" methods="1" coveredmethods="1"/>
          <line num="3" count="8" type="stmt"/>
          <line num="4" count="1" type="stmt"/>
        </file>
      </package>
      <package name="flatmate-bills.src.app.Common.DeleteBtn">
        <metrics statements="2" coveredstatements="2" conditionals="0" coveredconditionals="0" methods="1" coveredmethods="1"/>
        <file name="DeleteBtn.jsx" path="/Users/tomchristian/www/sandbox/js/flatmate-bills/src/app/Common/DeleteBtn/DeleteBtn.jsx">
          <metrics statements="2" coveredstatements="2" conditionals="0" coveredconditionals="0" methods="1" coveredmethods="1"/>
          <line num="3" count="8" type="stmt"/>
          <line num="4" count="1" type="stmt"/>
        </file>
      </package>
      <package name="flatmate-bills.src.app.Common.Name">
        <metrics statements="2" coveredstatements="2" conditionals="0" coveredconditionals="0" methods="1" coveredmethods="1"/>
        <file name="Name.jsx" path="/Users/tomchristian/www/sandbox/js/flatmate-bills/src/app/Common/Name/Name.jsx">
          <metrics statements="2" coveredstatements="2" conditionals="0" coveredconditionals="0" methods="1" coveredmethods="1"/>
          <line num="3" count="8" type="stmt"/>
          <line num="4" count="1" type="stmt"/>
        </file>
      </package>
      <package name="flatmate-bills.src.app.Flatmates.actions">
        <metrics statements="1" coveredstatements="1" conditionals="0" coveredconditionals="0" methods="0" coveredmethods="0"/>
        <file name="actions.js" path="/Users/tomchristian/www/sandbox/js/flatmate-bills/src/app/Flatmates/actions/actions.js">
          <metrics statements="1" coveredstatements="1" conditionals="0" coveredconditionals="0" methods="0" coveredmethods="0"/>
          <line num="3" count="2" type="stmt"/>
        </file>
      </package>
      <package name="flatmate-bills.src.app.Flatmates.reducers">
        <metrics statements="5" coveredstatements="5" conditionals="0" coveredconditionals="0" methods="3" coveredmethods="0"/>
        <file name="reducers.js" path="/Users/tomchristian/www/sandbox/js/flatmate-bills/src/app/Flatmates/reducers/reducers.js">
          <metrics statements="5" coveredstatements="5" conditionals="0" coveredconditionals="0" methods="3" coveredmethods="0"/>
          <line num="5" count="1" type="stmt"/>
          <line num="11" count="1" type="stmt"/>
          <line num="12" count="1" type="stmt"/>
          <line num="13" count="1" type="stmt"/>
          <line num="15" count="1" type="stmt"/>
        </file>
      </package>
      <package name="flatmate-bills.src.app.Flatmates.services">
        <metrics statements="3" coveredstatements="0" conditionals="0" coveredconditionals="0" methods="4" coveredmethods="0"/>
        <file name="getFlatmates.js" path="/Users/tomchristian/www/sandbox/js/flatmate-bills/src/app/Flatmates/services/getFlatmates.js">
          <metrics statements="3" coveredstatements="0" conditionals="0" coveredconditionals="0" methods="4" coveredmethods="0"/>
          <line num="6" count="0" type="stmt"/>
          <line num="7" count="0" type="stmt"/>
          <line num="9" count="0" type="stmt"/>
        </file>
        <file name="index.js" path="/Users/tomchristian/www/sandbox/js/flatmate-bills/src/app/Flatmates/services/index.js">
          <metrics statements="0" coveredstatements="0" conditionals="0" coveredconditionals="0" methods="0" coveredmethods="0"/>
        </file>
      </package>
      <package name="flatmate-bills.src.app.Helpers">
        <metrics statements="7" coveredstatements="7" conditionals="0" coveredconditionals="0" methods="4" coveredmethods="3"/>
        <file name="Dates.js" path="/Users/tomchristian/www/sandbox/js/flatmate-bills/src/app/Helpers/Dates.js">
          <metrics statements="2" coveredstatements="2" conditionals="0" coveredconditionals="0" methods="1" coveredmethods="1"/>
          <line num="1" count="2" type="stmt"/>
          <line num="2" count="1" type="stmt"/>
        </file>
        <file name="Prices.js" path="/Users/tomchristian/www/sandbox/js/flatmate-bills/src/app/Helpers/Prices.js">
          <metrics statements="5" coveredstatements="5" conditionals="0" coveredconditionals="0" methods="3" coveredmethods="2"/>
          <line num="1" count="9" type="stmt"/>
          <line num="3" count="9" type="stmt"/>
          <line num="4" count="1" type="stmt"/>
          <line num="7" count="9" type="stmt"/>
          <line num="8" count="1" type="stmt"/>
        </file>
      </package>
      <package name="flatmate-bills.src.app.LatestBills.actions">
        <metrics statements="1" coveredstatements="1" conditionals="0" coveredconditionals="0" methods="0" coveredmethods="0"/>
        <file name="actions.js" path="/Users/tomchristian/www/sandbox/js/flatmate-bills/src/app/LatestBills/actions/actions.js">
          <metrics statements="1" coveredstatements="1" conditionals="0" coveredconditionals="0" methods="0" coveredmethods="0"/>
          <line num="3" count="3" type="stmt"/>
        </file>
      </package>
      <package name="flatmate-bills.src.app.LatestBills.containers">
        <metrics statements="10" coveredstatements="2" conditionals="6" coveredconditionals="0" methods="9" coveredmethods="0"/>
        <file name="LatestBills.jsx" path="/Users/tomchristian/www/sandbox/js/flatmate-bills/src/app/LatestBills/containers/LatestBills.jsx">
          <metrics statements="10" coveredstatements="2" conditionals="6" coveredconditionals="0" methods="9" coveredmethods="0"/>
          <line num="18" count="0" type="stmt"/>
          <line num="20" count="0" type="stmt"/>
          <line num="22" count="0" type="stmt"/>
          <line num="25" count="0" type="stmt"/>
          <line num="49" count="0" type="stmt"/>
          <line num="51" count="0" type="stmt"/>
          <line num="57" count="0" type="stmt"/>
          <line num="58" count="0" type="stmt"/>
          <line num="73" count="1" type="stmt"/>
          <line num="78" count="1" type="stmt"/>
        </file>
        <file name="index.js" path="/Users/tomchristian/www/sandbox/js/flatmate-bills/src/app/LatestBills/containers/index.js">
          <metrics statements="0" coveredstatements="0" conditionals="0" coveredconditionals="0" methods="0" coveredmethods="0"/>
        </file>
      </package>
      <package name="flatmate-bills.src.app.LatestBills.reducers">
        <metrics statements="10" coveredstatements="10" conditionals="2" coveredconditionals="0" methods="10" coveredmethods="0"/>
        <file name="reducers.js" path="/Users/tomchristian/www/sandbox/js/flatmate-bills/src/app/LatestBills/reducers/reducers.js">
          <metrics statements="10" coveredstatements="10" conditionals="2" coveredconditionals="0" methods="10" coveredmethods="0"/>
          <line num="5" count="1" type="stmt"/>
          <line num="11" count="1" type="stmt"/>
          <line num="13" count="1" type="stmt"/>
          <line num="17" count="1" type="stmt"/>
          <line num="18" count="1" type="stmt"/>
          <line num="19" count="1" type="stmt"/>
          <line num="21" count="1" type="stmt"/>
          <line num="22" count="1" type="stmt"/>
          <line num="23" count="1" type="stmt"/>
          <line num="31" count="1" type="stmt"/>
        </file>
      </package>
      <package name="flatmate-bills.src.app.LatestBills.services">
        <metrics statements="22" coveredstatements="3" conditionals="6" coveredconditionals="0" methods="12" coveredmethods="2"/>
        <file name="getBills.js" path="/Users/tomchristian/www/sandbox/js/flatmate-bills/src/app/LatestBills/services/getBills.js">
          <metrics statements="3" coveredstatements="3" conditionals="0" coveredconditionals="0" methods="4" coveredmethods="2"/>
          <line num="6" count="2" type="stmt"/>
          <line num="7" count="2" type="stmt"/>
          <line num="9" count="2" type="stmt"/>
        </file>
        <file name="index.js" path="/Users/tomchristian/www/sandbox/js/flatmate-bills/src/app/LatestBills/services/index.js">
          <metrics statements="0" coveredstatements="0" conditionals="0" coveredconditionals="0" methods="0" coveredmethods="0"/>
        </file>
        <file name="toggleSegmentPaid.js" path="/Users/tomchristian/www/sandbox/js/flatmate-bills/src/app/LatestBills/services/toggleSegmentPaid.js">
          <metrics statements="16" coveredstatements="0" conditionals="6" coveredconditionals="0" methods="4" coveredmethods="0"/>
          <line num="10" count="0" type="stmt"/>
          <line num="11" count="0" type="stmt"/>
          <line num="12" count="0" type="cond" truecount="0" falsecount="2"/>
          <line num="16" count="0" type="stmt"/>
          <line num="17" count="0" type="stmt"/>
          <line num="21" count="0" type="stmt"/>
          <line num="23" count="0" type="cond" truecount="0" falsecount="2"/>
          <line num="25" count="0" type="cond" truecount="0" falsecount="2"/>
          <line num="26" count="0" type="stmt"/>
          <line num="28" count="0" type="stmt"/>
          <line num="31" count="0" type="stmt"/>
          <line num="33" count="0" type="stmt"/>
          <line num="35" count="0" type="stmt"/>
          <line num="42" count="0" type="stmt"/>
          <line num="45" count="0" type="stmt"/>
          <line num="46" count="0" type="stmt"/>
        </file>
        <file name="updateBill.js" path="/Users/tomchristian/www/sandbox/js/flatmate-bills/src/app/LatestBills/services/updateBill.js">
          <metrics statements="3" coveredstatements="0" conditionals="0" coveredconditionals="0" methods="4" coveredmethods="0"/>
          <line num="6" count="0" type="stmt"/>
          <line num="7" count="0" type="stmt"/>
          <line num="9" count="0" type="stmt"/>
        </file>
      </package>
    </metrics>
  </project>
</coverage>
