<?xml version="1.0" encoding="UTF-8"?>
<coverage generated="1518433936337" clover="3.2.0">
  <project timestamp="1518433936337" name="All files">
    <metrics statements="20" coveredstatements="19" conditionals="4" coveredconditionals="4" methods="9" coveredmethods="6" elements="33" coveredelements="29" complexity="0" loc="20" ncloc="20" packages="10" files="10" classes="10">
      <package name="flatmate-bills">
        <metrics statements="2" coveredstatements="2" conditionals="0" coveredconditionals="0" methods="0" coveredmethods="0"/>
        <file name="setupTests.js" path="/Users/tomchristian/www/sandbox/js/flatmate-bills/setupTests.js">
          <metrics statements="2" coveredstatements="2" conditionals="0" coveredconditionals="0" methods="0" coveredmethods="0"/>
          <line num="4" count="7" type="stmt"/>
          <line num="6" count="7" type="stmt"/>
        </file>
      </package>
      <package name="flatmate-bills.src.components">
        <metrics statements="0" coveredstatements="0" conditionals="0" coveredconditionals="0" methods="0" coveredmethods="0"/>
        <file name="index.js" path="/Users/tomchristian/www/sandbox/js/flatmate-bills/src/components/index.js">
          <metrics statements="0" coveredstatements="0" conditionals="0" coveredconditionals="0" methods="0" coveredmethods="0"/>
        </file>
      </package>
      <package name="flatmate-bills.src.components.BillDate">
        <metrics statements="3" coveredstatements="3" conditionals="0" coveredconditionals="0" methods="1" coveredmethods="1"/>
        <file name="BillDate.jsx" path="/Users/tomchristian/www/sandbox/js/flatmate-bills/src/components/BillDate/BillDate.jsx">
          <metrics statements="3" coveredstatements="3" conditionals="0" coveredconditionals="0" methods="1" coveredmethods="1"/>
          <line num="3" count="7" type="stmt"/>
          <line num="4" count="1" type="stmt"/>
          <line num="13" count="7" type="stmt"/>
        </file>
      </package>
      <package name="flatmate-bills.src.components.BillPrice">
        <metrics statements="3" coveredstatements="3" conditionals="0" coveredconditionals="0" methods="1" coveredmethods="1"/>
        <file name="BillPrice.jsx" path="/Users/tomchristian/www/sandbox/js/flatmate-bills/src/components/BillPrice/BillPrice.jsx">
          <metrics statements="3" coveredstatements="3" conditionals="0" coveredconditionals="0" methods="1" coveredmethods="1"/>
          <line num="5" count="7" type="stmt"/>
          <line num="6" count="1" type="stmt"/>
          <line num="9" count="7" type="stmt"/>
        </file>
      </package>
      <package name="flatmate-bills.src.components.BillSegment">
        <metrics statements="2" coveredstatements="2" conditionals="2" coveredconditionals="2" methods="1" coveredmethods="1"/>
        <file name="BillSegment.jsx" path="/Users/tomchristian/www/sandbox/js/flatmate-bills/src/components/BillSegment/BillSegment.jsx">
          <metrics statements="2" coveredstatements="2" conditionals="2" coveredconditionals="2" methods="1" coveredmethods="1"/>
          <line num="5" count="7" type="stmt"/>
          <line num="7" count="2" type="stmt"/>
        </file>
      </package>
      <package name="flatmate-bills.src.components.BillSegmentPrice">
        <metrics statements="1" coveredstatements="1" conditionals="2" coveredconditionals="2" methods="1" coveredmethods="0"/>
        <file name="BillSegmentPrice.jsx" path="/Users/tomchristian/www/sandbox/js/flatmate-bills/src/components/BillSegmentPrice/BillSegmentPrice.jsx">
          <metrics statements="1" coveredstatements="1" conditionals="2" coveredconditionals="2" methods="1" coveredmethods="0"/>
          <line num="5" count="7" type="stmt"/>
        </file>
      </package>
      <package name="flatmate-bills.src.components.BillTitle">
        <metrics statements="2" coveredstatements="2" conditionals="0" coveredconditionals="0" methods="1" coveredmethods="1"/>
        <file name="BillTitle.jsx" path="/Users/tomchristian/www/sandbox/js/flatmate-bills/src/components/BillTitle/BillTitle.jsx">
          <metrics statements="2" coveredstatements="2" conditionals="0" coveredconditionals="0" methods="1" coveredmethods="1"/>
          <line num="3" count="7" type="stmt"/>
          <line num="4" count="1" type="stmt"/>
        </file>
      </package>
      <package name="flatmate-bills.src.components.DeleteBtn">
        <metrics statements="2" coveredstatements="2" conditionals="0" coveredconditionals="0" methods="1" coveredmethods="1"/>
        <file name="DeleteBtn.jsx" path="/Users/tomchristian/www/sandbox/js/flatmate-bills/src/components/DeleteBtn/DeleteBtn.jsx">
          <metrics statements="2" coveredstatements="2" conditionals="0" coveredconditionals="0" methods="1" coveredmethods="1"/>
          <line num="3" count="7" type="stmt"/>
          <line num="4" count="1" type="stmt"/>
        </file>
      </package>
      <package name="flatmate-bills.src.components.Name">
        <metrics statements="2" coveredstatements="2" conditionals="0" coveredconditionals="0" methods="1" coveredmethods="1"/>
        <file name="Name.jsx" path="/Users/tomchristian/www/sandbox/js/flatmate-bills/src/components/Name/Name.jsx">
          <metrics statements="2" coveredstatements="2" conditionals="0" coveredconditionals="0" methods="1" coveredmethods="1"/>
          <line num="3" count="7" type="stmt"/>
          <line num="4" count="1" type="stmt"/>
        </file>
      </package>
      <package name="flatmate-bills.src.helpers">
        <metrics statements="3" coveredstatements="2" conditionals="0" coveredconditionals="0" methods="2" coveredmethods="0"/>
        <file name="Prices.js" path="/Users/tomchristian/www/sandbox/js/flatmate-bills/src/helpers/Prices.js">
          <metrics statements="3" coveredstatements="2" conditionals="0" coveredconditionals="0" methods="2" coveredmethods="0"/>
          <line num="1" count="7" type="stmt"/>
          <line num="3" count="7" type="stmt"/>
          <line num="4" count="0" type="stmt"/>
        </file>
      </package>
    </metrics>
  </project>
</coverage>
