{"/Users/tomchristian/www/sandbox/js/flatmate-bills/setupTests.js": {"path":"/Users/tomchristian/www/sandbox/js/flatmate-bills/setupTests.js","statementMap":{"0":{"start":{"line":4,"column":0},"end":{"line":4,"column":33}},"1":{"start":{"line":6,"column":0},"end":{"line":6,"column":45}}},"fnMap":{},"branchMap":{},"s":{"0":7,"1":7},"f":{},"b":{},"_coverageSchema":"332fd63041d2c1bcb487cc26dd0d5f7d97098a6c","hash":"797061927fc88039841b68b8bfd6adcd19e21d81"}
,"/Users/tomchristian/www/sandbox/js/flatmate-bills/src/components/index.js": {"path":"/Users/tomchristian/www/sandbox/js/flatmate-bills/src/components/index.js","statementMap":{},"fnMap":{},"branchMap":{},"s":{},"f":{},"b":{},"_coverageSchema":"332fd63041d2c1bcb487cc26dd0d5f7d97098a6c","hash":"026cfcb9e1ab90d5022f4e01c437a1ab39c83377"}
,"/Users/tomchristian/www/sandbox/js/flatmate-bills/src/components/BillDate/BillDate.jsx": {"path":"/Users/tomchristian/www/sandbox/js/flatmate-bills/src/components/BillDate/BillDate.jsx","statementMap":{"0":{"start":{"line":3,"column":17},"end":{"line":11,"column":1}},"1":{"start":{"line":4,"column":2},"end":{"line":10,"column":3}},"2":{"start":{"line":13,"column":0},"end":{"line":15,"column":1}}},"fnMap":{"0":{"name":"(anonymous_0)","decl":{"start":{"line":3,"column":17},"end":{"line":3,"column":18}},"loc":{"start":{"line":3,"column":62},"end":{"line":11,"column":1}},"line":3}},"branchMap":{},"s":{"0":7,"1":1,"2":7},"f":{"0":1},"b":{},"_coverageSchema":"332fd63041d2c1bcb487cc26dd0d5f7d97098a6c","hash":"f09b8a28d5be22c870e4849b94d91abe5589eb7b"}
,"/Users/tomchristian/www/sandbox/js/flatmate-bills/src/components/BillPrice/BillPrice.jsx": {"path":"/Users/tomchristian/www/sandbox/js/flatmate-bills/src/components/BillPrice/BillPrice.jsx","statementMap":{"0":{"start":{"line":5,"column":18},"end":{"line":7,"column":1}},"1":{"start":{"line":6,"column":2},"end":{"line":6,"column":75}},"2":{"start":{"line":9,"column":0},"end":{"line":11,"column":1}}},"fnMap":{"0":{"name":"(anonymous_0)","decl":{"start":{"line":5,"column":18},"end":{"line":5,"column":19}},"loc":{"start":{"line":5,"column":44},"end":{"line":7,"column":1}},"line":5}},"branchMap":{},"s":{"0":7,"1":1,"2":7},"f":{"0":1},"b":{},"_coverageSchema":"332fd63041d2c1bcb487cc26dd0d5f7d97098a6c","hash":"bf5e66ed39a36cf3a369a9428d5dee3a714f62b4"}
,"/Users/tomchristian/www/sandbox/js/flatmate-bills/src/components/BillSegment/BillSegment.jsx": {"path":"/Users/tomchristian/www/sandbox/js/flatmate-bills/src/components/BillSegment/BillSegment.jsx","statementMap":{"0":{"start":{"line":5,"column":20},"end":{"line":18,"column":1}},"1":{"start":{"line":7,"column":2},"end":{"line":17,"column":3}}},"fnMap":{"0":{"name":"(anonymous_0)","decl":{"start":{"line":5,"column":20},"end":{"line":5,"column":21}},"loc":{"start":{"line":5,"column":86},"end":{"line":18,"column":1}},"line":5}},"branchMap":{"0":{"loc":{"start":{"line":10,"column":31},"end":{"line":10,"column":71}},"type":"cond-expr","locations":[{"start":{"line":10,"column":48},"end":{"line":10,"column":62}},{"start":{"line":10,"column":65},"end":{"line":10,"column":71}}],"line":10}},"s":{"0":7,"1":2},"f":{"0":2},"b":{"0":[1,1]},"_coverageSchema":"332fd63041d2c1bcb487cc26dd0d5f7d97098a6c","hash":"5781da4f78d5b35152993c06f0e1832791dbf509"}
,"/Users/tomchristian/www/sandbox/js/flatmate-bills/src/components/BillSegmentPrice/BillSegmentPrice.jsx": {"path":"/Users/tomchristian/www/sandbox/js/flatmate-bills/src/components/BillSegmentPrice/BillSegmentPrice.jsx","statementMap":{"0":{"start":{"line":5,"column":25},"end":{"line":9,"column":63}}},"fnMap":{"0":{"name":"(anonymous_0)","decl":{"start":{"line":5,"column":25},"end":{"line":5,"column":26}},"loc":{"start":{"line":6,"column":2},"end":{"line":9,"column":63}},"line":6}},"branchMap":{"0":{"loc":{"start":{"line":6,"column":2},"end":{"line":9,"column":63}},"type":"cond-expr","locations":[{"start":{"line":7,"column":4},"end":{"line":7,"column":107}},{"start":{"line":9,"column":4},"end":{"line":9,"column":63}}],"line":6}},"s":{"0":7},"f":{"0":0},"b":{"0":[1,1]},"_coverageSchema":"332fd63041d2c1bcb487cc26dd0d5f7d97098a6c","hash":"372f4d09934abdefecf98991c9f812e9f6e3461a"}
,"/Users/tomchristian/www/sandbox/js/flatmate-bills/src/components/BillTitle/BillTitle.jsx": {"path":"/Users/tomchristian/www/sandbox/js/flatmate-bills/src/components/BillTitle/BillTitle.jsx","statementMap":{"0":{"start":{"line":3,"column":18},"end":{"line":7,"column":1}},"1":{"start":{"line":4,"column":2},"end":{"line":6,"column":3}}},"fnMap":{"0":{"name":"(anonymous_0)","decl":{"start":{"line":3,"column":18},"end":{"line":3,"column":19}},"loc":{"start":{"line":3,"column":33},"end":{"line":7,"column":1}},"line":3}},"branchMap":{},"s":{"0":7,"1":1},"f":{"0":1},"b":{},"_coverageSchema":"332fd63041d2c1bcb487cc26dd0d5f7d97098a6c","hash":"eeabe50e571526bbfd88f30da99bee8c6868e2ec"}
,"/Users/tomchristian/www/sandbox/js/flatmate-bills/src/components/DeleteBtn/DeleteBtn.jsx": {"path":"/Users/tomchristian/www/sandbox/js/flatmate-bills/src/components/DeleteBtn/DeleteBtn.jsx","statementMap":{"0":{"start":{"line":3,"column":18},"end":{"line":5,"column":1}},"1":{"start":{"line":4,"column":2},"end":{"line":4,"column":114}}},"fnMap":{"0":{"name":"(anonymous_0)","decl":{"start":{"line":3,"column":18},"end":{"line":3,"column":19}},"loc":{"start":{"line":3,"column":36},"end":{"line":5,"column":1}},"line":3}},"branchMap":{},"s":{"0":7,"1":1},"f":{"0":1},"b":{},"_coverageSchema":"332fd63041d2c1bcb487cc26dd0d5f7d97098a6c","hash":"a3e102e7c852c00adea569a785d06b53982b3c0d"}
,"/Users/tomchristian/www/sandbox/js/flatmate-bills/src/components/Name/Name.jsx": {"path":"/Users/tomchristian/www/sandbox/js/flatmate-bills/src/components/Name/Name.jsx","statementMap":{"0":{"start":{"line":3,"column":13},"end":{"line":7,"column":1}},"1":{"start":{"line":4,"column":2},"end":{"line":6,"column":3}}},"fnMap":{"0":{"name":"(anonymous_0)","decl":{"start":{"line":3,"column":13},"end":{"line":3,"column":14}},"loc":{"start":{"line":3,"column":42},"end":{"line":7,"column":1}},"line":3}},"branchMap":{},"s":{"0":7,"1":1},"f":{"0":1},"b":{},"_coverageSchema":"332fd63041d2c1bcb487cc26dd0d5f7d97098a6c","hash":"a355d4c5a9aadbc8d24f30ca35a833af8878d6f5"}
,"/Users/tomchristian/www/sandbox/js/flatmate-bills/src/helpers/Prices.js": {"path":"/Users/tomchristian/www/sandbox/js/flatmate-bills/src/helpers/Prices.js","statementMap":{"0":{"start":{"line":1,"column":21},"end":{"line":1,"column":61}},"1":{"start":{"line":3,"column":36},"end":{"line":5,"column":1}},"2":{"start":{"line":4,"column":2},"end":{"line":4,"column":75}}},"fnMap":{"0":{"name":"(anonymous_0)","decl":{"start":{"line":1,"column":21},"end":{"line":1,"column":22}},"loc":{"start":{"line":1,"column":31},"end":{"line":1,"column":61}},"line":1},"1":{"name":"(anonymous_1)","decl":{"start":{"line":3,"column":36},"end":{"line":3,"column":37}},"loc":{"start":{"line":3,"column":98},"end":{"line":5,"column":1}},"line":3}},"branchMap":{},"s":{"0":7,"1":7,"2":0},"f":{"0":0,"1":0},"b":{},"_coverageSchema":"332fd63041d2c1bcb487cc26dd0d5f7d97098a6c","hash":"499f4ebabcd4eae513b01b62b44b01e064c2015c"}
}
