{"/Users/tomchristian/www/sandbox/js/flatmate-bills/setupTests.js": {"path":"/Users/tomchristian/www/sandbox/js/flatmate-bills/setupTests.js","statementMap":{"0":{"start":{"line":4,"column":0},"end":{"line":4,"column":33}},"1":{"start":{"line":6,"column":0},"end":{"line":6,"column":45}}},"fnMap":{},"branchMap":{},"s":{"0":14,"1":14},"f":{},"b":{},"_coverageSchema":"332fd63041d2c1bcb487cc26dd0d5f7d97098a6c","hash":"797061927fc88039841b68b8bfd6adcd19e21d81"}
,"/Users/tomchristian/www/sandbox/js/flatmate-bills/src/app/App.jsx": {"path":"/Users/tomchristian/www/sandbox/js/flatmate-bills/src/app/App.jsx","statementMap":{"0":{"start":{"line":21,"column":0},"end":{"line":21,"column":33}},"1":{"start":{"line":22,"column":0},"end":{"line":22,"column":20}},"2":{"start":{"line":23,"column":0},"end":{"line":23,"column":17}},"3":{"start":{"line":29,"column":4},"end":{"line":29,"column":29}},"4":{"start":{"line":30,"column":4},"end":{"line":30,"column":25}},"5":{"start":{"line":34,"column":4},"end":{"line":57,"column":5}},"6":{"start":{"line":61,"column":27},"end":{"line":65,"column":2}},"7":{"start":{"line":67,"column":24},"end":{"line":69,"column":2}}},"fnMap":{"0":{"name":"(anonymous_0)","decl":{"start":{"line":26,"column":2},"end":{"line":26,"column":3}},"loc":{"start":{"line":26,"column":22},"end":{"line":31,"column":3}},"line":26},"1":{"name":"(anonymous_1)","decl":{"start":{"line":33,"column":2},"end":{"line":33,"column":3}},"loc":{"start":{"line":33,"column":11},"end":{"line":58,"column":3}},"line":33},"2":{"name":"(anonymous_2)","decl":{"start":{"line":41,"column":21},"end":{"line":41,"column":22}},"loc":{"start":{"line":41,"column":27},"end":{"line":41,"column":79}},"line":41},"3":{"name":"(anonymous_3)","decl":{"start":{"line":61,"column":27},"end":{"line":61,"column":28}},"loc":{"start":{"line":61,"column":40},"end":{"line":65,"column":1}},"line":61},"4":{"name":"(anonymous_4)","decl":{"start":{"line":62,"column":22},"end":{"line":62,"column":23}},"loc":{"start":{"line":62,"column":35},"end":{"line":62,"column":97}},"line":62},"5":{"name":"(anonymous_5)","decl":{"start":{"line":63,"column":16},"end":{"line":63,"column":17}},"loc":{"start":{"line":63,"column":22},"end":{"line":63,"column":46}},"line":63},"6":{"name":"(anonymous_6)","decl":{"start":{"line":64,"column":12},"end":{"line":64,"column":13}},"loc":{"start":{"line":64,"column":18},"end":{"line":64,"column":38}},"line":64},"7":{"name":"(anonymous_7)","decl":{"start":{"line":67,"column":24},"end":{"line":67,"column":25}},"loc":{"start":{"line":67,"column":34},"end":{"line":69,"column":1}},"line":67}},"branchMap":{"0":{"loc":{"start":{"line":43,"column":13},"end":{"line":46,"column":59}},"type":"cond-expr","locations":[{"start":{"line":44,"column":14},"end":{"line":44,"column":58}},{"start":{"line":46,"column":14},"end":{"line":46,"column":59}}],"line":43},"1":{"loc":{"start":{"line":51,"column":9},"end":{"line":54,"column":25}},"type":"cond-expr","locations":[{"start":{"line":52,"column":10},"end":{"line":52,"column":25}},{"start":{"line":54,"column":10},"end":{"line":54,"column":25}}],"line":51}},"s":{"0":1,"1":1,"2":1,"3":1,"4":1,"5":2,"6":1,"7":1},"f":{"0":1,"1":2,"2":0,"3":0,"4":0,"5":0,"6":0,"7":0},"b":{"0":[1,1],"1":[1,1]},"_coverageSchema":"332fd63041d2c1bcb487cc26dd0d5f7d97098a6c","hash":"d0ac8e87b03c80ce43bf21b0467d0805e6783624"}
,"/Users/tomchristian/www/sandbox/js/flatmate-bills/src/app/BillFormNew/actions/actions.js": {"path":"/Users/tomchristian/www/sandbox/js/flatmate-bills/src/app/BillFormNew/actions/actions.js","statementMap":{"0":{"start":{"line":3,"column":35},"end":{"line":13,"column":2}}},"fnMap":{},"branchMap":{},"s":{"0":1},"f":{},"b":{},"_coverageSchema":"332fd63041d2c1bcb487cc26dd0d5f7d97098a6c","hash":"f73879b3a34a2161b4125a86d0dd7bc2fe710f45"}
,"/Users/tomchristian/www/sandbox/js/flatmate-bills/src/app/BillFormNew/containers/BillFormNew.jsx": {"path":"/Users/tomchristian/www/sandbox/js/flatmate-bills/src/app/BillFormNew/containers/BillFormNew.jsx","statementMap":{"0":{"start":{"line":17,"column":4},"end":{"line":17,"column":16}},"1":{"start":{"line":19,"column":4},"end":{"line":21,"column":5}},"2":{"start":{"line":25,"column":4},"end":{"line":25,"column":65}},"3":{"start":{"line":29,"column":4},"end":{"line":29,"column":22}},"4":{"start":{"line":30,"column":4},"end":{"line":30,"column":48}},"5":{"start":{"line":34,"column":25},"end":{"line":34,"column":43}},"6":{"start":{"line":35,"column":23},"end":{"line":35,"column":49}},"7":{"start":{"line":37,"column":22},"end":{"line":45,"column":5}},"8":{"start":{"line":47,"column":4},"end":{"line":51,"column":6}},"9":{"start":{"line":48,"column":6},"end":{"line":50,"column":7}},"10":{"start":{"line":49,"column":8},"end":{"line":49,"column":83}},"11":{"start":{"line":53,"column":4},"end":{"line":53,"column":53}},"12":{"start":{"line":66,"column":8},"end":{"line":66,"column":18}},"13":{"start":{"line":68,"column":4},"end":{"line":192,"column":5}},"14":{"start":{"line":94,"column":14},"end":{"line":94,"column":72}},"15":{"start":{"line":95,"column":14},"end":{"line":95,"column":66}},"16":{"start":{"line":196,"column":27},"end":{"line":202,"column":2}},"17":{"start":{"line":204,"column":24},"end":{"line":210,"column":2}}},"fnMap":{"0":{"name":"(anonymous_0)","decl":{"start":{"line":16,"column":2},"end":{"line":16,"column":3}},"loc":{"start":{"line":16,"column":21},"end":{"line":22,"column":3}},"line":16},"1":{"name":"(anonymous_1)","decl":{"start":{"line":24,"column":2},"end":{"line":24,"column":3}},"loc":{"start":{"line":24,"column":22},"end":{"line":26,"column":3}},"line":24},"2":{"name":"(anonymous_2)","decl":{"start":{"line":28,"column":17},"end":{"line":28,"column":18}},"loc":{"start":{"line":28,"column":24},"end":{"line":31,"column":3}},"line":28},"3":{"name":"(anonymous_3)","decl":{"start":{"line":33,"column":22},"end":{"line":33,"column":23}},"loc":{"start":{"line":33,"column":31},"end":{"line":54,"column":3}},"line":33},"4":{"name":"(anonymous_4)","decl":{"start":{"line":47,"column":40},"end":{"line":47,"column":41}},"loc":{"start":{"line":47,"column":51},"end":{"line":51,"column":5}},"line":47},"5":{"name":"(anonymous_5)","decl":{"start":{"line":49,"column":38},"end":{"line":49,"column":39}},"loc":{"start":{"line":49,"column":49},"end":{"line":49,"column":82}},"line":49},"6":{"name":"(anonymous_6)","decl":{"start":{"line":56,"column":2},"end":{"line":56,"column":3}},"loc":{"start":{"line":56,"column":11},"end":{"line":193,"column":3}},"line":56},"7":{"name":"(anonymous_7)","decl":{"start":{"line":78,"column":22},"end":{"line":78,"column":23}},"loc":{"start":{"line":78,"column":27},"end":{"line":78,"column":64}},"line":78},"8":{"name":"(anonymous_8)","decl":{"start":{"line":87,"column":28},"end":{"line":87,"column":29}},"loc":{"start":{"line":87,"column":34},"end":{"line":87,"column":39}},"line":87},"9":{"name":"(anonymous_9)","decl":{"start":{"line":93,"column":27},"end":{"line":93,"column":28}},"loc":{"start":{"line":93,"column":55},"end":{"line":96,"column":13}},"line":93},"10":{"name":"(anonymous_10)","decl":{"start":{"line":97,"column":27},"end":{"line":97,"column":28}},"loc":{"start":{"line":97,"column":43},"end":{"line":97,"column":74}},"line":97},"11":{"name":"(anonymous_11)","decl":{"start":{"line":110,"column":22},"end":{"line":110,"column":23}},"loc":{"start":{"line":110,"column":27},"end":{"line":110,"column":65}},"line":110},"12":{"name":"(anonymous_12)","decl":{"start":{"line":122,"column":22},"end":{"line":122,"column":23}},"loc":{"start":{"line":122,"column":27},"end":{"line":122,"column":73}},"line":122},"13":{"name":"(anonymous_13)","decl":{"start":{"line":125,"column":27},"end":{"line":125,"column":28}},"loc":{"start":{"line":126,"column":14},"end":{"line":126,"column":73}},"line":126},"14":{"name":"(anonymous_14)","decl":{"start":{"line":143,"column":26},"end":{"line":143,"column":27}},"loc":{"start":{"line":143,"column":31},"end":{"line":143,"column":51}},"line":143},"15":{"name":"(anonymous_15)","decl":{"start":{"line":150,"column":27},"end":{"line":150,"column":28}},"loc":{"start":{"line":151,"column":14},"end":{"line":172,"column":22}},"line":151},"16":{"name":"(anonymous_16)","decl":{"start":{"line":168,"column":30},"end":{"line":168,"column":31}},"loc":{"start":{"line":168,"column":37},"end":{"line":168,"column":82}},"line":168},"17":{"name":"(anonymous_17)","decl":{"start":{"line":187,"column":19},"end":{"line":187,"column":20}},"loc":{"start":{"line":187,"column":25},"end":{"line":187,"column":55}},"line":187},"18":{"name":"(anonymous_18)","decl":{"start":{"line":196,"column":27},"end":{"line":196,"column":28}},"loc":{"start":{"line":196,"column":40},"end":{"line":202,"column":1}},"line":196},"19":{"name":"(anonymous_19)","decl":{"start":{"line":197,"column":22},"end":{"line":197,"column":23}},"loc":{"start":{"line":197,"column":28},"end":{"line":197,"column":72}},"line":197},"20":{"name":"(anonymous_20)","decl":{"start":{"line":198,"column":22},"end":{"line":198,"column":23}},"loc":{"start":{"line":198,"column":35},"end":{"line":198,"column":86}},"line":198},"21":{"name":"(anonymous_21)","decl":{"start":{"line":199,"column":17},"end":{"line":199,"column":18}},"loc":{"start":{"line":199,"column":43},"end":{"line":199,"column":102}},"line":199},"22":{"name":"(anonymous_22)","decl":{"start":{"line":200,"column":17},"end":{"line":200,"column":18}},"loc":{"start":{"line":200,"column":30},"end":{"line":200,"column":59}},"line":200},"23":{"name":"(anonymous_23)","decl":{"start":{"line":201,"column":27},"end":{"line":201,"column":28}},"loc":{"start":{"line":201,"column":55},"end":{"line":201,"column":119}},"line":201},"24":{"name":"(anonymous_24)","decl":{"start":{"line":204,"column":24},"end":{"line":204,"column":25}},"loc":{"start":{"line":204,"column":46},"end":{"line":210,"column":1}},"line":204}},"branchMap":{"0":{"loc":{"start":{"line":47,"column":4},"end":{"line":51,"column":6}},"type":"binary-expr","locations":[{"start":{"line":47,"column":4},"end":{"line":47,"column":19}},{"start":{"line":47,"column":23},"end":{"line":51,"column":6}}],"line":47},"1":{"loc":{"start":{"line":48,"column":6},"end":{"line":50,"column":7}},"type":"if","locations":[{"start":{"line":48,"column":6},"end":{"line":50,"column":7}},{"start":{"line":48,"column":6},"end":{"line":50,"column":7}}],"line":48},"2":{"loc":{"start":{"line":88,"column":23},"end":{"line":88,"column":73}},"type":"cond-expr","locations":[{"start":{"line":88,"column":42},"end":{"line":88,"column":66}},{"start":{"line":88,"column":69},"end":{"line":88,"column":73}}],"line":88},"3":{"loc":{"start":{"line":90,"column":21},"end":{"line":90,"column":67}},"type":"cond-expr","locations":[{"start":{"line":90,"column":38},"end":{"line":90,"column":60}},{"start":{"line":90,"column":63},"end":{"line":90,"column":67}}],"line":90},"4":{"loc":{"start":{"line":94,"column":14},"end":{"line":94,"column":72}},"type":"binary-expr","locations":[{"start":{"line":94,"column":14},"end":{"line":94,"column":23}},{"start":{"line":94,"column":27},"end":{"line":94,"column":72}}],"line":94},"5":{"loc":{"start":{"line":95,"column":14},"end":{"line":95,"column":66}},"type":"binary-expr","locations":[{"start":{"line":95,"column":14},"end":{"line":95,"column":21}},{"start":{"line":95,"column":25},"end":{"line":95,"column":66}}],"line":95},"6":{"loc":{"start":{"line":134,"column":11},"end":{"line":145,"column":20}},"type":"binary-expr","locations":[{"start":{"line":134,"column":11},"end":{"line":134,"column":38}},{"start":{"line":135,"column":12},"end":{"line":145,"column":20}}],"line":134},"7":{"loc":{"start":{"line":163,"column":17},"end":{"line":170,"column":24}},"type":"cond-expr","locations":[{"start":{"line":164,"column":18},"end":{"line":169,"column":20}},{"start":{"line":170,"column":20},"end":{"line":170,"column":24}}],"line":163},"8":{"loc":{"start":{"line":163,"column":17},"end":{"line":163,"column":76}},"type":"binary-expr","locations":[{"start":{"line":163,"column":17},"end":{"line":163,"column":35}},{"start":{"line":163,"column":39},"end":{"line":163,"column":76}}],"line":163}},"s":{"0":0,"1":0,"2":0,"3":0,"4":0,"5":0,"6":0,"7":0,"8":0,"9":0,"10":0,"11":0,"12":0,"13":0,"14":0,"15":0,"16":1,"17":1},"f":{"0":0,"1":0,"2":0,"3":0,"4":0,"5":0,"6":0,"7":0,"8":0,"9":0,"10":0,"11":0,"12":0,"13":0,"14":0,"15":0,"16":0,"17":0,"18":0,"19":0,"20":0,"21":0,"22":0,"23":0,"24":0},"b":{"0":[0,0],"1":[0,0],"2":[0,0],"3":[0,0],"4":[0,0],"5":[0,0],"6":[0,0],"7":[0,0],"8":[0,0]},"_coverageSchema":"332fd63041d2c1bcb487cc26dd0d5f7d97098a6c","hash":"8e6e7b7baa3964b0607d697301546dded38e0942"}
,"/Users/tomchristian/www/sandbox/js/flatmate-bills/src/app/BillFormNew/containers/index.js": {"path":"/Users/tomchristian/www/sandbox/js/flatmate-bills/src/app/BillFormNew/containers/index.js","statementMap":{},"fnMap":{},"branchMap":{},"s":{},"f":{},"b":{},"_coverageSchema":"332fd63041d2c1bcb487cc26dd0d5f7d97098a6c","hash":"577311aa9725bb8aef8476cc74b22092fe2c45b0"}
,"/Users/tomchristian/www/sandbox/js/flatmate-bills/src/app/BillFormNew/services/createBill.js": {"path":"/Users/tomchristian/www/sandbox/js/flatmate-bills/src/app/BillFormNew/services/createBill.js","statementMap":{"0":{"start":{"line":7,"column":2},"end":{"line":18,"column":3}},"1":{"start":{"line":8,"column":4},"end":{"line":8,"column":42}},"2":{"start":{"line":10,"column":4},"end":{"line":17,"column":62}},"3":{"start":{"line":12,"column":8},"end":{"line":12,"column":46}},"4":{"start":{"line":13,"column":8},"end":{"line":13,"column":41}},"5":{"start":{"line":14,"column":8},"end":{"line":14,"column":52}},"6":{"start":{"line":15,"column":8},"end":{"line":15,"column":28}}},"fnMap":{"0":{"name":"(anonymous_0)","decl":{"start":{"line":6,"column":15},"end":{"line":6,"column":16}},"loc":{"start":{"line":6,"column":28},"end":{"line":19,"column":1}},"line":6},"1":{"name":"(anonymous_1)","decl":{"start":{"line":7,"column":9},"end":{"line":7,"column":10}},"loc":{"start":{"line":7,"column":21},"end":{"line":18,"column":3}},"line":7},"2":{"name":"(anonymous_2)","decl":{"start":{"line":11,"column":12},"end":{"line":11,"column":13}},"loc":{"start":{"line":11,"column":18},"end":{"line":16,"column":7}},"line":11},"3":{"name":"(anonymous_3)","decl":{"start":{"line":17,"column":13},"end":{"line":17,"column":14}},"loc":{"start":{"line":17,"column":20},"end":{"line":17,"column":61}},"line":17}},"branchMap":{},"s":{"0":0,"1":0,"2":0,"3":0,"4":0,"5":0,"6":0},"f":{"0":0,"1":0,"2":0,"3":0},"b":{},"_coverageSchema":"332fd63041d2c1bcb487cc26dd0d5f7d97098a6c","hash":"c07d435fbc19bab16e0c7270e148a0e4424a5ce1"}
,"/Users/tomchristian/www/sandbox/js/flatmate-bills/src/app/BillFormNew/services/index.js": {"path":"/Users/tomchristian/www/sandbox/js/flatmate-bills/src/app/BillFormNew/services/index.js","statementMap":{},"fnMap":{},"branchMap":{},"s":{},"f":{},"b":{},"_coverageSchema":"332fd63041d2c1bcb487cc26dd0d5f7d97098a6c","hash":"1f2b03088e5e1a27e877a065eae55dbe3e2429e3"}
,"/Users/tomchristian/www/sandbox/js/flatmate-bills/src/app/Common/index.js": {"path":"/Users/tomchristian/www/sandbox/js/flatmate-bills/src/app/Common/index.js","statementMap":{},"fnMap":{},"branchMap":{},"s":{},"f":{},"b":{},"_coverageSchema":"332fd63041d2c1bcb487cc26dd0d5f7d97098a6c","hash":"072fe4c85060fdec07381d09c8c7794abffbe704"}
,"/Users/tomchristian/www/sandbox/js/flatmate-bills/src/app/Common/AppTitle/AppTitle.jsx": {"path":"/Users/tomchristian/www/sandbox/js/flatmate-bills/src/app/Common/AppTitle/AppTitle.jsx","statementMap":{"0":{"start":{"line":3,"column":17},"end":{"line":5,"column":1}},"1":{"start":{"line":4,"column":2},"end":{"line":4,"column":67}},"2":{"start":{"line":7,"column":0},"end":{"line":9,"column":1}}},"fnMap":{"0":{"name":"(anonymous_0)","decl":{"start":{"line":3,"column":17},"end":{"line":3,"column":18}},"loc":{"start":{"line":3,"column":35},"end":{"line":5,"column":1}},"line":3}},"branchMap":{"0":{"loc":{"start":{"line":4,"column":9},"end":{"line":4,"column":67}},"type":"cond-expr","locations":[{"start":{"line":4,"column":21},"end":{"line":4,"column":44}},{"start":{"line":4,"column":47},"end":{"line":4,"column":67}}],"line":4}},"s":{"0":9,"1":2,"2":9},"f":{"0":2},"b":{"0":[1,1]},"_coverageSchema":"332fd63041d2c1bcb487cc26dd0d5f7d97098a6c","hash":"85dd635cdc1b6d76e108d3423051fa8a15273921"}
,"/Users/tomchristian/www/sandbox/js/flatmate-bills/src/app/Common/BillDate/BillDate.jsx": {"path":"/Users/tomchristian/www/sandbox/js/flatmate-bills/src/app/Common/BillDate/BillDate.jsx","statementMap":{"0":{"start":{"line":3,"column":17},"end":{"line":15,"column":1}},"1":{"start":{"line":4,"column":2},"end":{"line":14,"column":3}},"2":{"start":{"line":17,"column":0},"end":{"line":19,"column":1}}},"fnMap":{"0":{"name":"(anonymous_0)","decl":{"start":{"line":3,"column":17},"end":{"line":3,"column":18}},"loc":{"start":{"line":3,"column":62},"end":{"line":15,"column":1}},"line":3}},"branchMap":{},"s":{"0":8,"1":1,"2":8},"f":{"0":1},"b":{},"_coverageSchema":"332fd63041d2c1bcb487cc26dd0d5f7d97098a6c","hash":"06f06a1a1c9aaed7dd32bc174b0e6a15d6f6c3b9"}
,"/Users/tomchristian/www/sandbox/js/flatmate-bills/src/app/Common/BillPrice/BillPrice.jsx": {"path":"/Users/tomchristian/www/sandbox/js/flatmate-bills/src/app/Common/BillPrice/BillPrice.jsx","statementMap":{"0":{"start":{"line":4,"column":18},"end":{"line":10,"column":1}},"1":{"start":{"line":5,"column":2},"end":{"line":9,"column":3}},"2":{"start":{"line":12,"column":0},"end":{"line":14,"column":1}}},"fnMap":{"0":{"name":"(anonymous_0)","decl":{"start":{"line":4,"column":18},"end":{"line":4,"column":19}},"loc":{"start":{"line":4,"column":64},"end":{"line":10,"column":1}},"line":4}},"branchMap":{},"s":{"0":8,"1":1,"2":8},"f":{"0":1},"b":{},"_coverageSchema":"332fd63041d2c1bcb487cc26dd0d5f7d97098a6c","hash":"3e59bb88c561abb7b2568a1f16de4fdfd6fc3a72"}
,"/Users/tomchristian/www/sandbox/js/flatmate-bills/src/app/Common/BillSegment/BillSegment.jsx": {"path":"/Users/tomchristian/www/sandbox/js/flatmate-bills/src/app/Common/BillSegment/BillSegment.jsx","statementMap":{"0":{"start":{"line":5,"column":20},"end":{"line":18,"column":1}},"1":{"start":{"line":7,"column":2},"end":{"line":17,"column":3}}},"fnMap":{"0":{"name":"(anonymous_0)","decl":{"start":{"line":5,"column":20},"end":{"line":5,"column":21}},"loc":{"start":{"line":5,"column":86},"end":{"line":18,"column":1}},"line":5}},"branchMap":{"0":{"loc":{"start":{"line":10,"column":31},"end":{"line":10,"column":71}},"type":"cond-expr","locations":[{"start":{"line":10,"column":48},"end":{"line":10,"column":62}},{"start":{"line":10,"column":65},"end":{"line":10,"column":71}}],"line":10}},"s":{"0":8,"1":2},"f":{"0":2},"b":{"0":[1,1]},"_coverageSchema":"332fd63041d2c1bcb487cc26dd0d5f7d97098a6c","hash":"854d94473e48092bed60df3dabcf2dfec74f8038"}
,"/Users/tomchristian/www/sandbox/js/flatmate-bills/src/app/Common/BillSegmentPrice/BillSegmentPrice.jsx": {"path":"/Users/tomchristian/www/sandbox/js/flatmate-bills/src/app/Common/BillSegmentPrice/BillSegmentPrice.jsx","statementMap":{"0":{"start":{"line":5,"column":25},"end":{"line":9,"column":64}}},"fnMap":{"0":{"name":"(anonymous_0)","decl":{"start":{"line":5,"column":25},"end":{"line":5,"column":26}},"loc":{"start":{"line":6,"column":2},"end":{"line":9,"column":64}},"line":6}},"branchMap":{"0":{"loc":{"start":{"line":6,"column":2},"end":{"line":9,"column":64}},"type":"cond-expr","locations":[{"start":{"line":7,"column":4},"end":{"line":7,"column":107}},{"start":{"line":9,"column":4},"end":{"line":9,"column":64}}],"line":6}},"s":{"0":8},"f":{"0":0},"b":{"0":[1,1]},"_coverageSchema":"332fd63041d2c1bcb487cc26dd0d5f7d97098a6c","hash":"06998b54cffa6c3befac67a6b7439c6ae1fcee15"}
,"/Users/tomchristian/www/sandbox/js/flatmate-bills/src/app/Common/BillTitle/BillTitle.jsx": {"path":"/Users/tomchristian/www/sandbox/js/flatmate-bills/src/app/Common/BillTitle/BillTitle.jsx","statementMap":{"0":{"start":{"line":3,"column":18},"end":{"line":7,"column":1}},"1":{"start":{"line":4,"column":2},"end":{"line":6,"column":3}}},"fnMap":{"0":{"name":"(anonymous_0)","decl":{"start":{"line":3,"column":18},"end":{"line":3,"column":19}},"loc":{"start":{"line":3,"column":33},"end":{"line":7,"column":1}},"line":3}},"branchMap":{},"s":{"0":8,"1":1},"f":{"0":1},"b":{},"_coverageSchema":"332fd63041d2c1bcb487cc26dd0d5f7d97098a6c","hash":"6569a4dcdd9bf191c56825ba41841c27a11674cd"}
,"/Users/tomchristian/www/sandbox/js/flatmate-bills/src/app/Common/DeleteBtn/DeleteBtn.jsx": {"path":"/Users/tomchristian/www/sandbox/js/flatmate-bills/src/app/Common/DeleteBtn/DeleteBtn.jsx","statementMap":{"0":{"start":{"line":3,"column":18},"end":{"line":5,"column":1}},"1":{"start":{"line":4,"column":2},"end":{"line":4,"column":114}}},"fnMap":{"0":{"name":"(anonymous_0)","decl":{"start":{"line":3,"column":18},"end":{"line":3,"column":19}},"loc":{"start":{"line":3,"column":36},"end":{"line":5,"column":1}},"line":3}},"branchMap":{},"s":{"0":8,"1":1},"f":{"0":1},"b":{},"_coverageSchema":"332fd63041d2c1bcb487cc26dd0d5f7d97098a6c","hash":"f4582b19d6e9d47a554562e89be152ad49e76e16"}
,"/Users/tomchristian/www/sandbox/js/flatmate-bills/src/app/Common/Name/Name.jsx": {"path":"/Users/tomchristian/www/sandbox/js/flatmate-bills/src/app/Common/Name/Name.jsx","statementMap":{"0":{"start":{"line":3,"column":13},"end":{"line":7,"column":1}},"1":{"start":{"line":4,"column":2},"end":{"line":6,"column":3}}},"fnMap":{"0":{"name":"(anonymous_0)","decl":{"start":{"line":3,"column":13},"end":{"line":3,"column":14}},"loc":{"start":{"line":3,"column":42},"end":{"line":7,"column":1}},"line":3}},"branchMap":{},"s":{"0":8,"1":1},"f":{"0":1},"b":{},"_coverageSchema":"332fd63041d2c1bcb487cc26dd0d5f7d97098a6c","hash":"39206b34c25bca03efe1085c44a2413600e3b543"}
,"/Users/tomchristian/www/sandbox/js/flatmate-bills/src/app/Flatmates/actions/actions.js": {"path":"/Users/tomchristian/www/sandbox/js/flatmate-bills/src/app/Flatmates/actions/actions.js","statementMap":{"0":{"start":{"line":3,"column":35},"end":{"line":7,"column":2}}},"fnMap":{},"branchMap":{},"s":{"0":2},"f":{},"b":{},"_coverageSchema":"332fd63041d2c1bcb487cc26dd0d5f7d97098a6c","hash":"0ef8f405459b3f4f6f86a766fb1e05263b81a79e"}
,"/Users/tomchristian/www/sandbox/js/flatmate-bills/src/app/Flatmates/reducers/reducers.js": {"path":"/Users/tomchristian/www/sandbox/js/flatmate-bills/src/app/Flatmates/reducers/reducers.js","statementMap":{"0":{"start":{"line":5,"column":29},"end":{"line":9,"column":2}},"1":{"start":{"line":11,"column":28},"end":{"line":11,"column":78}},"2":{"start":{"line":12,"column":28},"end":{"line":12,"column":116}},"3":{"start":{"line":13,"column":28},"end":{"line":13,"column":108}},"4":{"start":{"line":15,"column":24},"end":{"line":19,"column":1}}},"fnMap":{"0":{"name":"(anonymous_0)","decl":{"start":{"line":11,"column":28},"end":{"line":11,"column":29}},"loc":{"start":{"line":11,"column":39},"end":{"line":11,"column":78}},"line":11},"1":{"name":"(anonymous_1)","decl":{"start":{"line":12,"column":28},"end":{"line":12,"column":29}},"loc":{"start":{"line":12,"column":47},"end":{"line":12,"column":116}},"line":12},"2":{"name":"(anonymous_2)","decl":{"start":{"line":13,"column":28},"end":{"line":13,"column":29}},"loc":{"start":{"line":13,"column":47},"end":{"line":13,"column":108}},"line":13}},"branchMap":{},"s":{"0":1,"1":1,"2":1,"3":1,"4":1},"f":{"0":0,"1":0,"2":0},"b":{},"_coverageSchema":"332fd63041d2c1bcb487cc26dd0d5f7d97098a6c","hash":"497b7ee0a5118df99f46bd92368bcd2fe0e40c4d"}
,"/Users/tomchristian/www/sandbox/js/flatmate-bills/src/app/Flatmates/services/getFlatmates.js": {"path":"/Users/tomchristian/www/sandbox/js/flatmate-bills/src/app/Flatmates/services/getFlatmates.js","statementMap":{"0":{"start":{"line":6,"column":2},"end":{"line":12,"column":3}},"1":{"start":{"line":7,"column":4},"end":{"line":7,"column":44}},"2":{"start":{"line":9,"column":4},"end":{"line":11,"column":64}}},"fnMap":{"0":{"name":"(anonymous_0)","decl":{"start":{"line":5,"column":15},"end":{"line":5,"column":16}},"loc":{"start":{"line":5,"column":21},"end":{"line":13,"column":1}},"line":5},"1":{"name":"(anonymous_1)","decl":{"start":{"line":6,"column":9},"end":{"line":6,"column":10}},"loc":{"start":{"line":6,"column":21},"end":{"line":12,"column":3}},"line":6},"2":{"name":"(anonymous_2)","decl":{"start":{"line":10,"column":12},"end":{"line":10,"column":13}},"loc":{"start":{"line":10,"column":24},"end":{"line":10,"column":78}},"line":10},"3":{"name":"(anonymous_3)","decl":{"start":{"line":11,"column":13},"end":{"line":11,"column":14}},"loc":{"start":{"line":11,"column":20},"end":{"line":11,"column":63}},"line":11}},"branchMap":{},"s":{"0":0,"1":0,"2":0},"f":{"0":0,"1":0,"2":0,"3":0},"b":{},"_coverageSchema":"332fd63041d2c1bcb487cc26dd0d5f7d97098a6c","hash":"838909d266bdd6165ba0e65ecc58a76c50ec6e69"}
,"/Users/tomchristian/www/sandbox/js/flatmate-bills/src/app/Flatmates/services/index.js": {"path":"/Users/tomchristian/www/sandbox/js/flatmate-bills/src/app/Flatmates/services/index.js","statementMap":{},"fnMap":{},"branchMap":{},"s":{},"f":{},"b":{},"_coverageSchema":"332fd63041d2c1bcb487cc26dd0d5f7d97098a6c","hash":"00801d06401949a6e25b1601279bcd27826752c7"}
,"/Users/tomchristian/www/sandbox/js/flatmate-bills/src/app/Helpers/Dates.js": {"path":"/Users/tomchristian/www/sandbox/js/flatmate-bills/src/app/Helpers/Dates.js","statementMap":{"0":{"start":{"line":1,"column":35},"end":{"line":3,"column":1}},"1":{"start":{"line":2,"column":2},"end":{"line":2,"column":50}}},"fnMap":{"0":{"name":"(anonymous_0)","decl":{"start":{"line":1,"column":35},"end":{"line":1,"column":36}},"loc":{"start":{"line":1,"column":49},"end":{"line":3,"column":1}},"line":1}},"branchMap":{},"s":{"0":2,"1":1},"f":{"0":1},"b":{},"_coverageSchema":"332fd63041d2c1bcb487cc26dd0d5f7d97098a6c","hash":"891d0c0902fdc69ba5929662c159d6c376e442fe"}
,"/Users/tomchristian/www/sandbox/js/flatmate-bills/src/app/Helpers/Prices.js": {"path":"/Users/tomchristian/www/sandbox/js/flatmate-bills/src/app/Helpers/Prices.js","statementMap":{"0":{"start":{"line":1,"column":21},"end":{"line":1,"column":61}},"1":{"start":{"line":3,"column":36},"end":{"line":5,"column":1}},"2":{"start":{"line":4,"column":2},"end":{"line":4,"column":29}},"3":{"start":{"line":7,"column":39},"end":{"line":9,"column":1}},"4":{"start":{"line":8,"column":2},"end":{"line":8,"column":53}}},"fnMap":{"0":{"name":"(anonymous_0)","decl":{"start":{"line":1,"column":21},"end":{"line":1,"column":22}},"loc":{"start":{"line":1,"column":31},"end":{"line":1,"column":61}},"line":1},"1":{"name":"(anonymous_1)","decl":{"start":{"line":3,"column":36},"end":{"line":3,"column":37}},"loc":{"start":{"line":3,"column":61},"end":{"line":5,"column":1}},"line":3},"2":{"name":"(anonymous_2)","decl":{"start":{"line":7,"column":39},"end":{"line":7,"column":40}},"loc":{"start":{"line":7,"column":85},"end":{"line":9,"column":1}},"line":7}},"branchMap":{},"s":{"0":9,"1":9,"2":1,"3":9,"4":1},"f":{"0":0,"1":1,"2":1},"b":{},"_coverageSchema":"332fd63041d2c1bcb487cc26dd0d5f7d97098a6c","hash":"bc1e8c38a94c8dc6ae14ec0efa5891152546ac7c"}
,"/Users/tomchristian/www/sandbox/js/flatmate-bills/src/app/LatestBills/actions/actions.js": {"path":"/Users/tomchristian/www/sandbox/js/flatmate-bills/src/app/LatestBills/actions/actions.js","statementMap":{"0":{"start":{"line":3,"column":35},"end":{"line":15,"column":2}}},"fnMap":{},"branchMap":{},"s":{"0":3},"f":{},"b":{},"_coverageSchema":"332fd63041d2c1bcb487cc26dd0d5f7d97098a6c","hash":"6150922ae1d54e662508b5bba1fcac737a06213c"}
,"/Users/tomchristian/www/sandbox/js/flatmate-bills/src/app/LatestBills/containers/LatestBills.jsx": {"path":"/Users/tomchristian/www/sandbox/js/flatmate-bills/src/app/LatestBills/containers/LatestBills.jsx","statementMap":{"0":{"start":{"line":18,"column":74},"end":{"line":18,"column":84}},"1":{"start":{"line":20,"column":24},"end":{"line":20,"column":74}},"2":{"start":{"line":22,"column":4},"end":{"line":69,"column":5}},"3":{"start":{"line":25,"column":10},"end":{"line":66,"column":11}},"4":{"start":{"line":49,"column":50},"end":{"line":49,"column":79}},"5":{"start":{"line":51,"column":18},"end":{"line":60,"column":23}},"6":{"start":{"line":57,"column":22},"end":{"line":57,"column":40}},"7":{"start":{"line":58,"column":22},"end":{"line":58,"column":83}},"8":{"start":{"line":73,"column":27},"end":{"line":76,"column":2}},"9":{"start":{"line":78,"column":24},"end":{"line":81,"column":2}}},"fnMap":{"0":{"name":"(anonymous_0)","decl":{"start":{"line":17,"column":2},"end":{"line":17,"column":3}},"loc":{"start":{"line":17,"column":11},"end":{"line":70,"column":3}},"line":17},"1":{"name":"(anonymous_1)","decl":{"start":{"line":20,"column":52},"end":{"line":20,"column":53}},"loc":{"start":{"line":20,"column":62},"end":{"line":20,"column":73}},"line":20},"2":{"name":"(anonymous_2)","decl":{"start":{"line":24,"column":40},"end":{"line":24,"column":41}},"loc":{"start":{"line":24,"column":50},"end":{"line":67,"column":9}},"line":24},"3":{"name":"(anonymous_3)","decl":{"start":{"line":48,"column":54},"end":{"line":48,"column":55}},"loc":{"start":{"line":48,"column":65},"end":{"line":62,"column":17}},"line":48},"4":{"name":"(anonymous_4)","decl":{"start":{"line":56,"column":41},"end":{"line":56,"column":42}},"loc":{"start":{"line":56,"column":46},"end":{"line":59,"column":21}},"line":56},"5":{"name":"(anonymous_5)","decl":{"start":{"line":73,"column":27},"end":{"line":73,"column":28}},"loc":{"start":{"line":73,"column":40},"end":{"line":76,"column":1}},"line":73},"6":{"name":"(anonymous_6)","decl":{"start":{"line":74,"column":16},"end":{"line":74,"column":17}},"loc":{"start":{"line":74,"column":28},"end":{"line":74,"column":65}},"line":74},"7":{"name":"(anonymous_7)","decl":{"start":{"line":75,"column":23},"end":{"line":75,"column":24}},"loc":{"start":{"line":75,"column":60},"end":{"line":75,"column":120}},"line":75},"8":{"name":"(anonymous_8)","decl":{"start":{"line":78,"column":24},"end":{"line":78,"column":25}},"loc":{"start":{"line":78,"column":46},"end":{"line":81,"column":1}},"line":78}},"branchMap":{"0":{"loc":{"start":{"line":24,"column":9},"end":{"line":67,"column":10}},"type":"binary-expr","locations":[{"start":{"line":24,"column":9},"end":{"line":24,"column":20}},{"start":{"line":24,"column":24},"end":{"line":67,"column":10}}],"line":24},"1":{"loc":{"start":{"line":32,"column":17},"end":{"line":38,"column":70}},"type":"cond-expr","locations":[{"start":{"line":33,"column":18},"end":{"line":36,"column":20}},{"start":{"line":38,"column":18},"end":{"line":38,"column":70}}],"line":32},"2":{"loc":{"start":{"line":48,"column":17},"end":{"line":62,"column":25}},"type":"cond-expr","locations":[{"start":{"line":48,"column":36},"end":{"line":62,"column":18}},{"start":{"line":62,"column":21},"end":{"line":62,"column":25}}],"line":48}},"s":{"0":0,"1":0,"2":0,"3":0,"4":0,"5":0,"6":0,"7":0,"8":1,"9":1},"f":{"0":0,"1":0,"2":0,"3":0,"4":0,"5":0,"6":0,"7":0,"8":0},"b":{"0":[0,0],"1":[0,0],"2":[0,0]},"_coverageSchema":"332fd63041d2c1bcb487cc26dd0d5f7d97098a6c","hash":"cb2de86ffa4fc9288b8748052769192467239aca"}
,"/Users/tomchristian/www/sandbox/js/flatmate-bills/src/app/LatestBills/containers/index.js": {"path":"/Users/tomchristian/www/sandbox/js/flatmate-bills/src/app/LatestBills/containers/index.js","statementMap":{},"fnMap":{},"branchMap":{},"s":{},"f":{},"b":{},"_coverageSchema":"332fd63041d2c1bcb487cc26dd0d5f7d97098a6c","hash":"d6d1f416c81f99a18f495b63042be39c51597b0c"}
,"/Users/tomchristian/www/sandbox/js/flatmate-bills/src/app/LatestBills/reducers/reducers.js": {"path":"/Users/tomchristian/www/sandbox/js/flatmate-bills/src/app/LatestBills/reducers/reducers.js","statementMap":{"0":{"start":{"line":5,"column":29},"end":{"line":9,"column":2}},"1":{"start":{"line":11,"column":26},"end":{"line":11,"column":93}},"2":{"start":{"line":13,"column":19},"end":{"line":15,"column":2}},"3":{"start":{"line":17,"column":24},"end":{"line":17,"column":70}},"4":{"start":{"line":18,"column":24},"end":{"line":18,"column":106}},"5":{"start":{"line":19,"column":24},"end":{"line":19,"column":100}},"6":{"start":{"line":21,"column":26},"end":{"line":21,"column":72}},"7":{"start":{"line":22,"column":26},"end":{"line":22,"column":86}},"8":{"start":{"line":23,"column":26},"end":{"line":29,"column":2}},"9":{"start":{"line":31,"column":24},"end":{"line":42,"column":1}}},"fnMap":{"0":{"name":"(anonymous_0)","decl":{"start":{"line":11,"column":26},"end":{"line":11,"column":27}},"loc":{"start":{"line":11,"column":45},"end":{"line":11,"column":93}},"line":11},"1":{"name":"(anonymous_1)","decl":{"start":{"line":13,"column":19},"end":{"line":13,"column":20}},"loc":{"start":{"line":13,"column":38},"end":{"line":15,"column":2}},"line":13},"2":{"name":"(anonymous_2)","decl":{"start":{"line":14,"column":40},"end":{"line":14,"column":41}},"loc":{"start":{"line":14,"column":48},"end":{"line":14,"column":73}},"line":14},"3":{"name":"(anonymous_3)","decl":{"start":{"line":17,"column":24},"end":{"line":17,"column":25}},"loc":{"start":{"line":17,"column":35},"end":{"line":17,"column":70}},"line":17},"4":{"name":"(anonymous_4)","decl":{"start":{"line":18,"column":24},"end":{"line":18,"column":25}},"loc":{"start":{"line":18,"column":43},"end":{"line":18,"column":106}},"line":18},"5":{"name":"(anonymous_5)","decl":{"start":{"line":19,"column":24},"end":{"line":19,"column":25}},"loc":{"start":{"line":19,"column":43},"end":{"line":19,"column":100}},"line":19},"6":{"name":"(anonymous_6)","decl":{"start":{"line":21,"column":26},"end":{"line":21,"column":27}},"loc":{"start":{"line":21,"column":37},"end":{"line":21,"column":72}},"line":21},"7":{"name":"(anonymous_7)","decl":{"start":{"line":22,"column":26},"end":{"line":22,"column":27}},"loc":{"start":{"line":22,"column":37},"end":{"line":22,"column":86}},"line":22},"8":{"name":"(anonymous_8)","decl":{"start":{"line":23,"column":26},"end":{"line":23,"column":27}},"loc":{"start":{"line":23,"column":45},"end":{"line":29,"column":2}},"line":23},"9":{"name":"(anonymous_9)","decl":{"start":{"line":27,"column":4},"end":{"line":27,"column":5}},"loc":{"start":{"line":27,"column":12},"end":{"line":27,"column":75}},"line":27}},"branchMap":{"0":{"loc":{"start":{"line":27,"column":12},"end":{"line":27,"column":75}},"type":"cond-expr","locations":[{"start":{"line":27,"column":49},"end":{"line":27,"column":68}},{"start":{"line":27,"column":71},"end":{"line":27,"column":75}}],"line":27}},"s":{"0":1,"1":1,"2":1,"3":1,"4":1,"5":1,"6":1,"7":1,"8":1,"9":1},"f":{"0":0,"1":0,"2":0,"3":0,"4":0,"5":0,"6":0,"7":0,"8":0,"9":0},"b":{"0":[0,0]},"_coverageSchema":"332fd63041d2c1bcb487cc26dd0d5f7d97098a6c","hash":"18108cdbdc594f4ee6e8834fac417bca3a97136f"}
,"/Users/tomchristian/www/sandbox/js/flatmate-bills/src/app/LatestBills/services/getBills.js": {"path":"/Users/tomchristian/www/sandbox/js/flatmate-bills/src/app/LatestBills/services/getBills.js","statementMap":{"0":{"start":{"line":6,"column":2},"end":{"line":12,"column":3}},"1":{"start":{"line":7,"column":4},"end":{"line":7,"column":40}},"2":{"start":{"line":9,"column":4},"end":{"line":11,"column":60}}},"fnMap":{"0":{"name":"(anonymous_0)","decl":{"start":{"line":5,"column":15},"end":{"line":5,"column":16}},"loc":{"start":{"line":5,"column":21},"end":{"line":13,"column":1}},"line":5},"1":{"name":"(anonymous_1)","decl":{"start":{"line":6,"column":9},"end":{"line":6,"column":10}},"loc":{"start":{"line":6,"column":21},"end":{"line":12,"column":3}},"line":6},"2":{"name":"(anonymous_2)","decl":{"start":{"line":10,"column":12},"end":{"line":10,"column":13}},"loc":{"start":{"line":10,"column":24},"end":{"line":10,"column":74}},"line":10},"3":{"name":"(anonymous_3)","decl":{"start":{"line":11,"column":13},"end":{"line":11,"column":14}},"loc":{"start":{"line":11,"column":20},"end":{"line":11,"column":59}},"line":11}},"branchMap":{},"s":{"0":2,"1":2,"2":2},"f":{"0":2,"1":2,"2":0,"3":0},"b":{},"_coverageSchema":"332fd63041d2c1bcb487cc26dd0d5f7d97098a6c","hash":"3ab9d4420080165dd92faa3bc8e27cb1394a89e8"}
,"/Users/tomchristian/www/sandbox/js/flatmate-bills/src/app/LatestBills/services/index.js": {"path":"/Users/tomchristian/www/sandbox/js/flatmate-bills/src/app/LatestBills/services/index.js","statementMap":{},"fnMap":{},"branchMap":{},"s":{},"f":{},"b":{},"_coverageSchema":"332fd63041d2c1bcb487cc26dd0d5f7d97098a6c","hash":"34962e710d58f74e8f074d45c33a8c262ce0e721"}
,"/Users/tomchristian/www/sandbox/js/flatmate-bills/src/app/LatestBills/services/toggleSegmentPaid.js": {"path":"/Users/tomchristian/www/sandbox/js/flatmate-bills/src/app/LatestBills/services/toggleSegmentPaid.js","statementMap":{"0":{"start":{"line":10,"column":2},"end":{"line":47,"column":3}},"1":{"start":{"line":11,"column":25},"end":{"line":43,"column":6}},"2":{"start":{"line":12,"column":6},"end":{"line":40,"column":7}},"3":{"start":{"line":16,"column":29},"end":{"line":16,"column":76}},"4":{"start":{"line":17,"column":28},"end":{"line":19,"column":9}},"5":{"start":{"line":21,"column":8},"end":{"line":39,"column":10}},"6":{"start":{"line":23,"column":12},"end":{"line":34,"column":13}},"7":{"start":{"line":25,"column":14},"end":{"line":29,"column":15}},"8":{"start":{"line":26,"column":16},"end":{"line":26,"column":103}},"9":{"start":{"line":28,"column":16},"end":{"line":28,"column":103}},"10":{"start":{"line":31,"column":14},"end":{"line":31,"column":87}},"11":{"start":{"line":33,"column":14},"end":{"line":33,"column":63}},"12":{"start":{"line":35,"column":12},"end":{"line":35,"column":26}},"13":{"start":{"line":42,"column":6},"end":{"line":42,"column":17}},"14":{"start":{"line":45,"column":4},"end":{"line":45,"column":54}},"15":{"start":{"line":46,"column":4},"end":{"line":46,"column":68}}},"fnMap":{"0":{"name":"(anonymous_0)","decl":{"start":{"line":9,"column":15},"end":{"line":9,"column":16}},"loc":{"start":{"line":9,"column":53},"end":{"line":48,"column":1}},"line":9},"1":{"name":"(anonymous_1)","decl":{"start":{"line":10,"column":9},"end":{"line":10,"column":10}},"loc":{"start":{"line":10,"column":21},"end":{"line":47,"column":3}},"line":10},"2":{"name":"(anonymous_2)","decl":{"start":{"line":11,"column":42},"end":{"line":11,"column":43}},"loc":{"start":{"line":11,"column":50},"end":{"line":43,"column":5}},"line":11},"3":{"name":"(anonymous_3)","decl":{"start":{"line":22,"column":38},"end":{"line":22,"column":39}},"loc":{"start":{"line":22,"column":49},"end":{"line":36,"column":11}},"line":22}},"branchMap":{"0":{"loc":{"start":{"line":12,"column":6},"end":{"line":40,"column":7}},"type":"if","locations":[{"start":{"line":12,"column":6},"end":{"line":40,"column":7}},{"start":{"line":12,"column":6},"end":{"line":40,"column":7}}],"line":12},"1":{"loc":{"start":{"line":23,"column":12},"end":{"line":34,"column":13}},"type":"if","locations":[{"start":{"line":23,"column":12},"end":{"line":34,"column":13}},{"start":{"line":23,"column":12},"end":{"line":34,"column":13}}],"line":23},"2":{"loc":{"start":{"line":25,"column":14},"end":{"line":29,"column":15}},"type":"if","locations":[{"start":{"line":25,"column":14},"end":{"line":29,"column":15}},{"start":{"line":25,"column":14},"end":{"line":29,"column":15}}],"line":25}},"s":{"0":0,"1":0,"2":0,"3":0,"4":0,"5":0,"6":0,"7":0,"8":0,"9":0,"10":0,"11":0,"12":0,"13":0,"14":0,"15":0},"f":{"0":0,"1":0,"2":0,"3":0},"b":{"0":[0,0],"1":[0,0],"2":[0,0]},"_coverageSchema":"332fd63041d2c1bcb487cc26dd0d5f7d97098a6c","hash":"80c54bc8bd21ce47735448bac344221a7720b307"}
,"/Users/tomchristian/www/sandbox/js/flatmate-bills/src/app/LatestBills/services/updateBill.js": {"path":"/Users/tomchristian/www/sandbox/js/flatmate-bills/src/app/LatestBills/services/updateBill.js","statementMap":{"0":{"start":{"line":6,"column":2},"end":{"line":12,"column":3}},"1":{"start":{"line":7,"column":4},"end":{"line":7,"column":42}},"2":{"start":{"line":9,"column":4},"end":{"line":11,"column":76}}},"fnMap":{"0":{"name":"(anonymous_0)","decl":{"start":{"line":5,"column":15},"end":{"line":5,"column":16}},"loc":{"start":{"line":5,"column":46},"end":{"line":13,"column":1}},"line":5},"1":{"name":"(anonymous_1)","decl":{"start":{"line":6,"column":9},"end":{"line":6,"column":10}},"loc":{"start":{"line":6,"column":21},"end":{"line":12,"column":3}},"line":6},"2":{"name":"(anonymous_2)","decl":{"start":{"line":10,"column":12},"end":{"line":10,"column":13}},"loc":{"start":{"line":10,"column":18},"end":{"line":10,"column":68}},"line":10},"3":{"name":"(anonymous_3)","decl":{"start":{"line":11,"column":13},"end":{"line":11,"column":14}},"loc":{"start":{"line":11,"column":20},"end":{"line":11,"column":75}},"line":11}},"branchMap":{},"s":{"0":0,"1":0,"2":0},"f":{"0":0,"1":0,"2":0,"3":0},"b":{},"_coverageSchema":"332fd63041d2c1bcb487cc26dd0d5f7d97098a6c","hash":"181ff3dcf14f61936a3ce6bbd36a85a3c384e91d"}
}
