TN:
SF:/Users/tomchristian/www/sandbox/js/flatmate-bills/setupTests.js
FNF:0
FNH:0
DA:4,7
DA:6,7
LF:2
LH:2
BRF:0
BRH:0
end_of_record
TN:
SF:/Users/tomchristian/www/sandbox/js/flatmate-bills/src/components/index.js
FNF:0
FNH:0
LF:0
LH:0
BRF:0
BRH:0
end_of_record
TN:
SF:/Users/tomchristian/www/sandbox/js/flatmate-bills/src/components/BillDate/BillDate.jsx
FN:3,(anonymous_0)
FNF:1
FNH:1
FNDA:1,(anonymous_0)
DA:3,7
DA:4,1
DA:13,7
LF:3
LH:3
BRF:0
BRH:0
end_of_record
TN:
SF:/Users/tomchristian/www/sandbox/js/flatmate-bills/src/components/BillPrice/BillPrice.jsx
FN:5,(anonymous_0)
FNF:1
FNH:1
FNDA:1,(anonymous_0)
DA:5,7
DA:6,1
DA:9,7
LF:3
LH:3
BRF:0
BRH:0
end_of_record
TN:
SF:/Users/tomchristian/www/sandbox/js/flatmate-bills/src/components/BillSegment/BillSegment.jsx
FN:5,(anonymous_0)
FNF:1
FNH:1
FNDA:2,(anonymous_0)
DA:5,7
DA:7,2
LF:2
LH:2
BRDA:10,0,0,1
BRDA:10,0,1,1
BRF:2
BRH:2
end_of_record
TN:
SF:/Users/tomchristian/www/sandbox/js/flatmate-bills/src/components/BillSegmentPrice/BillSegmentPrice.jsx
FN:5,(anonymous_0)
FNF:1
FNH:0
FNDA:0,(anonymous_0)
DA:5,7
LF:1
LH:1
BRDA:6,0,0,1
BRDA:6,0,1,1
BRF:2
BRH:2
end_of_record
TN:
SF:/Users/tomchristian/www/sandbox/js/flatmate-bills/src/components/BillTitle/BillTitle.jsx
FN:3,(anonymous_0)
FNF:1
FNH:1
FNDA:1,(anonymous_0)
DA:3,7
DA:4,1
LF:2
LH:2
BRF:0
BRH:0
end_of_record
TN:
SF:/Users/tomchristian/www/sandbox/js/flatmate-bills/src/components/DeleteBtn/DeleteBtn.jsx
FN:3,(anonymous_0)
FNF:1
FNH:1
FNDA:1,(anonymous_0)
DA:3,7
DA:4,1
LF:2
LH:2
BRF:0
BRH:0
end_of_record
TN:
SF:/Users/tomchristian/www/sandbox/js/flatmate-bills/src/components/Name/Name.jsx
FN:3,(anonymous_0)
FNF:1
FNH:1
FNDA:1,(anonymous_0)
DA:3,7
DA:4,1
LF:2
LH:2
BRF:0
BRH:0
end_of_record
TN:
SF:/Users/tomchristian/www/sandbox/js/flatmate-bills/src/helpers/Prices.js
FN:1,(anonymous_0)
FN:3,(anonymous_1)
FNF:2
FNH:0
FNDA:0,(anonymous_0)
FNDA:0,(anonymous_1)
DA:1,7
DA:3,7
DA:4,0
LF:3
LH:2
BRF:0
BRH:0
end_of_record
